e:\visual_studio_projects\car-showroom\car-showroom\x64\debug\vc143.pdb
e:\visual_studio_projects\car-showroom\car-showroom\x64\debug\vc143.idb
e:\visual_studio_projects\car-showroom\car-showroom\x64\debug\showrooms.obj
e:\visual_studio_projects\car-showroom\car-showroom\x64\debug\services.obj
e:\visual_studio_projects\car-showroom\car-showroom\x64\debug\serviceprocess.obj
e:\visual_studio_projects\car-showroom\car-showroom\x64\debug\main.obj
e:\visual_studio_projects\car-showroom\car-showroom\x64\debug\garages.obj
e:\visual_studio_projects\car-showroom\car-showroom\x64\debug\customer.obj
e:\visual_studio_projects\car-showroom\car-showroom\x64\debug\cars.obj
e:\visual_studio_projects\car-showroom\car-showroom\x64\debug\buyrentprocess.obj
e:\visual_studio_projects\car-showroom\car-showroom\x64\debug\admin.obj
e:\visual_studio_projects\car-showroom\x64\debug\car-showroom.pdb
e:\visual_studio_projects\car-showroom\car-showroom\x64\debug\car-showroom.tlog\cl.command.1.tlog
e:\visual_studio_projects\car-showroom\car-showroom\x64\debug\car-showroom.tlog\cl.read.1.tlog
e:\visual_studio_projects\car-showroom\car-showroom\x64\debug\car-showroom.tlog\cl.write.1.tlog
e:\visual_studio_projects\car-showroom\car-showroom\x64\debug\car-showroom.tlog\link-cvtres.read.1.tlog
e:\visual_studio_projects\car-showroom\car-showroom\x64\debug\car-showroom.tlog\link-cvtres.write.1.tlog
e:\visual_studio_projects\car-showroom\car-showroom\x64\debug\car-showroom.tlog\link-rc.read.1.tlog
e:\visual_studio_projects\car-showroom\car-showroom\x64\debug\car-showroom.tlog\link-rc.write.1.tlog
e:\visual_studio_projects\car-showroom\car-showroom\x64\debug\car-showroom.tlog\link.command.1.tlog
e:\visual_studio_projects\car-showroom\car-showroom\x64\debug\car-showroom.tlog\link.read.1.tlog
e:\visual_studio_projects\car-showroom\car-showroom\x64\debug\car-showroom.tlog\link.read.2.tlog
e:\visual_studio_projects\car-showroom\car-showroom\x64\debug\car-showroom.tlog\link.write.1.tlog
